[debug] [2018-08-16T14:21:12.025Z] ----------------------------------------------------------------------
[debug] [2018-08-16T14:21:12.028Z] Command:       C:\Program Files\nodejs\node.exe C:\Users\Windows 10\AppData\Roaming\npm\node_modules\firebase-tools\bin\firebase serve
[debug] [2018-08-16T14:21:12.028Z] CLI Version:   4.1.1
[debug] [2018-08-16T14:21:12.028Z] Platform:      win32
[debug] [2018-08-16T14:21:12.028Z] Node Version:  v8.11.3
[debug] [2018-08-16T14:21:12.028Z] Time:          Thu Aug 16 2018 21:21:12 GMT+0700 (SE Asia Standard Time)
[debug] [2018-08-16T14:21:12.028Z] ----------------------------------------------------------------------
[debug] 
[debug] [2018-08-16T14:21:12.042Z] > command requires scopes: ["email","openid","https://www.googleapis.com/auth/cloudplatformprojects.readonly","https://www.googleapis.com/auth/firebase","https://www.googleapis.com/auth/cloud-platform"]
[debug] [2018-08-16T14:21:12.043Z] > authorizing via signed-in user
[debug] [2018-08-16T14:21:12.044Z] > refreshing access token with scopes: ["email","https://www.googleapis.com/auth/cloud-platform","https://www.googleapis.com/auth/cloudplatformprojects.readonly","https://www.googleapis.com/auth/firebase","openid"]
[debug] [2018-08-16T14:21:12.045Z] >>> HTTP REQUEST POST https://www.googleapis.com/oauth2/v3/token  

[debug] [2018-08-16T14:21:12.349Z] <<< HTTP RESPONSE 200
[debug] [2018-08-16T14:21:12.354Z] >>> HTTP REQUEST GET https://admin.firebase.com/v1/projects/train1234-cc52e  
 
[debug] [2018-08-16T14:21:13.400Z] <<< HTTP RESPONSE 200
[debug] [2018-08-16T14:21:13.401Z] >>> HTTP REQUEST GET https://admin.firebase.com/v1/database/train1234-cc52e/tokens  
 
[debug] [2018-08-16T14:21:14.386Z] <<< HTTP RESPONSE 200
[debug] [2018-08-16T14:21:14.387Z] >>> HTTP REQUEST GET https://cloudresourcemanager.googleapis.com/v1/projects/train1234-cc52e  
 
[debug] [2018-08-16T14:21:15.784Z] <<< HTTP RESPONSE 200
[info] 
[info] === Serving from 'E:\train'...
[info] 
[debug] [2018-08-16T14:21:15.788Z] >>> HTTP REQUEST GET https://mobilesdk-pa.googleapis.com/v1/projects/799012444637/clients/_:getWebAppConfig  
 
[debug] [2018-08-16T14:21:16.632Z] <<< HTTP RESPONSE 200
[info] i  hosting: Serving hosting files from: public
[info] +  hosting: Local server: http://localhost:5000

[debug] [2018-08-16T14:27:08.913Z] ----------------------------------------------------------------------
[debug] [2018-08-16T14:27:08.915Z] Command:       C:\Program Files\nodejs\node.exe C:\Users\Windows 10\AppData\Roaming\npm\node_modules\firebase-tools\bin\firebase serve
[debug] [2018-08-16T14:27:08.916Z] CLI Version:   4.1.1
[debug] [2018-08-16T14:27:08.916Z] Platform:      win32
[debug] [2018-08-16T14:27:08.916Z] Node Version:  v8.11.3
[debug] [2018-08-16T14:27:08.916Z] Time:          Thu Aug 16 2018 21:27:08 GMT+0700 (SE Asia Standard Time)
[debug] [2018-08-16T14:27:08.916Z] ----------------------------------------------------------------------
[debug] 
[debug] [2018-08-16T14:27:08.926Z] > command requires scopes: ["email","openid","https://www.googleapis.com/auth/cloudplatformprojects.readonly","https://www.googleapis.com/auth/firebase","https://www.googleapis.com/auth/cloud-platform"]
[debug] [2018-08-16T14:27:08.927Z] > authorizing via signed-in user
[debug] [2018-08-16T14:27:08.929Z] >>> HTTP REQUEST GET https://admin.firebase.com/v1/projects/train1234-cc52e  
 
[debug] [2018-08-16T14:27:10.041Z] <<< HTTP RESPONSE 200
[debug] [2018-08-16T14:27:10.042Z] >>> HTTP REQUEST GET https://admin.firebase.com/v1/database/train1234-cc52e/tokens  
 
[debug] [2018-08-16T14:27:10.880Z] <<< HTTP RESPONSE 200
[debug] [2018-08-16T14:27:10.881Z] >>> HTTP REQUEST GET https://cloudresourcemanager.googleapis.com/v1/projects/train1234-cc52e  
 
[debug] [2018-08-16T14:27:12.287Z] <<< HTTP RESPONSE 200
[info] 
[info] === Serving from 'E:\train'...
[info] 
[debug] [2018-08-16T14:27:12.290Z] >>> HTTP REQUEST GET https://mobilesdk-pa.googleapis.com/v1/projects/799012444637/clients/_:getWebAppConfig  
 
[debug] [2018-08-16T14:27:13.052Z] <<< HTTP RESPONSE 200
[info] i  hosting: Serving hosting files from: public
[info] +  hosting: Local server: http://localhost:5000

[debug] [2018-08-16T18:52:20.305Z] ----------------------------------------------------------------------
[debug] [2018-08-16T18:52:20.308Z] Command:       C:\Program Files\nodejs\node.exe C:\Users\Windows 10\AppData\Roaming\npm\node_modules\firebase-tools\bin\firebase serve
[debug] [2018-08-16T18:52:20.308Z] CLI Version:   4.1.1
[debug] [2018-08-16T18:52:20.308Z] Platform:      win32
[debug] [2018-08-16T18:52:20.309Z] Node Version:  v8.11.3
[debug] [2018-08-16T18:52:20.310Z] Time:          Fri Aug 17 2018 01:52:20 GMT+0700 (SE Asia Standard Time)
[debug] [2018-08-16T18:52:20.310Z] ----------------------------------------------------------------------
[debug] 
[debug] [2018-08-16T18:52:20.324Z] > command requires scopes: ["email","openid","https://www.googleapis.com/auth/cloudplatformprojects.readonly","https://www.googleapis.com/auth/firebase","https://www.googleapis.com/auth/cloud-platform"]
[debug] [2018-08-16T18:52:20.324Z] > authorizing via signed-in user
[debug] [2018-08-16T18:52:20.326Z] > refreshing access token with scopes: ["email","https://www.googleapis.com/auth/cloud-platform","https://www.googleapis.com/auth/cloudplatformprojects.readonly","https://www.googleapis.com/auth/firebase","openid"]
[debug] [2018-08-16T18:52:20.327Z] >>> HTTP REQUEST POST https://www.googleapis.com/oauth2/v3/token  

[debug] [2018-08-16T18:52:20.625Z] <<< HTTP RESPONSE 200
[debug] [2018-08-16T18:52:20.630Z] >>> HTTP REQUEST GET https://admin.firebase.com/v1/projects/train1234-cc52e  
 
[debug] [2018-08-16T18:52:21.754Z] <<< HTTP RESPONSE 200
[debug] [2018-08-16T18:52:21.754Z] >>> HTTP REQUEST GET https://admin.firebase.com/v1/database/train1234-cc52e/tokens  
 
[debug] [2018-08-16T18:52:24.613Z] <<< HTTP RESPONSE 200
[debug] [2018-08-16T18:52:24.614Z] >>> HTTP REQUEST GET https://cloudresourcemanager.googleapis.com/v1/projects/train1234-cc52e  
 
[debug] [2018-08-16T18:52:26.024Z] <<< HTTP RESPONSE 200
[info] 
[info] === Serving from 'E:\train'...
[info] 
[debug] [2018-08-16T18:52:26.027Z] >>> HTTP REQUEST GET https://mobilesdk-pa.googleapis.com/v1/projects/799012444637/clients/_:getWebAppConfig  
 
[debug] [2018-08-16T18:52:26.879Z] <<< HTTP RESPONSE 200
[info] i  hosting: Serving hosting files from: public
[info] +  hosting: Local server: http://localhost:5000

